report@config:load 32.64
Authorized using stored user info.
report@account:authorize 11.51
stderr: 'rm' is not recognized as an internal or external command,
operable program or batch file.

[ Warn ] $Converting Assets/_Root/Texture/texture-base-color.jpg texture. Change its format from DXT1 to "RGBA 32 bit" to speed up export
[ Warn ] $Converting Assets/_Root/Fx/VFX-Muzzle/muzzle.tif texture. Change its format from DXT1 to "RGBA 32 bit" to speed up export
[ Warn ] $Converting Assets/_Root/Fx/VFX-Muzzle/spark.tif texture. Change its format from DXT5 to "RGBA 32 bit" to speed up export
[ Warn ] $Converting Assets/_Game_smasher_1/AllResource/Texture/TextureFX/Blood_093_c.png texture. Change its format from DXT5 to "RGBA 32 bit" to speed up export
[ Warn ] $Converting Assets/01_GiantWanted/Textures/ground1.png texture. Change its format from DXT1 to "RGBA 32 bit" to speed up export
[ Warn ] $Converting Assets/_Game_BeltIt/Models/CarAndStuff/BI_Car_texture.jpg texture. Change its format from DXT1 to "RGBA 32 bit" to speed up export
[ Warn ] $Converting Assets/SimpleTown/Textures/SimpleTown.png texture. Change its format from DXT1 to "RGBA 32 bit" to speed up export
[ Warn ] $Converting Assets/01_GiantWanted/Textures/white.png texture. Change its format from DXT1 to "RGBA 32 bit" to speed up export
[ Warn ] $Converting Assets/__game/Models/Huggy/HuggyWuggy.png texture. Change its format from DXT5 to "RGBA 32 bit" to speed up export
[ Warn ] $Converting Assets/01_GiantWanted/Textures/Shadow.png texture. Change its format from DXT5 to "RGBA 32 bit" to speed up export
[ Warn ] $Converting Assets/01_GiantWanted/Textures/BGFade.png texture. Change its format from DXT5 to "RGBA 32 bit" to speed up export
[ Warn ] $Converting Assets/01_GiantWanted/Textures/pointShoot (1).png texture. Change its format from DXT5 to "RGBA 32 bit" to speed up export
[ Warn ] $Converting Assets/01_GiantWanted/Textures/Border.png texture. Change its format from DXT5 to "RGBA 32 bit" to speed up export
Exporting assets from Unity..........
[ Stage1 ] Assets exported from Unity and staged for further processing
report@unity:export 7065.53
Found custom rules for texture Resources/unity_builtin_extra/Default-ParticleSystem
  {"maxWidth":512,"maxHeight":512,"format":"png32","compression":"none","quality":65,"script":"","ext":"","name":"Resources/unity_builtin_extra/Default-Particle","isOverride":true}
Resources:
{"unity.preloader.icon":"resources/unity.preloader.icon.png"}
report@assets:stage2 2037.12
report@assets:stage3 578.56
[ Stage2 ] Assets postprocessed and bundled successfully
report@code:compose 212.54
report@config:unity 0.13
Microsoft (R) Build Engine version 16.11.2+f32259642 for .NET Framework
Copyright (C) Microsoft Corporation. All rights reserved.


Build started 4/2/2022 10:26:14 AM.

Project "E:\LunaDownload\3.4.0\pipeline\templates\LunaCompiler\Scripts\Scripts.csproj" on node 1 (Rebuild target(s)).

CoreClean:
  Deleting file "E:\LunaDownload\3.4.0\pipeline\templates\LunaCompiler\Scripts\bin\Debug\UnityScriptsCompiler.dll".

  Deleting file "E:\LunaDownload\3.4.0\pipeline\templates\LunaCompiler\Scripts\bin\Debug\UnityScriptsCompiler.pdb".

  Deleting file "E:\LunaDownload\3.4.0\pipeline\templates\LunaCompiler\Scripts\bin\Debug\Bridge.dll".

  Deleting file "E:\LunaDownload\3.4.0\pipeline\templates\LunaCompiler\Scripts\bin\Debug\Bridge.Html5.dll".

  Deleting file "E:\LunaDownload\3.4.0\pipeline\templates\LunaCompiler\Scripts\bin\Debug\Bridge.WebGL.dll".

  Deleting file "E:\LunaDownload\3.4.0\pipeline\templates\LunaCompiler\Scripts\bin\Debug\DOTween.dll".

  Deleting file "E:\LunaDownload\3.4.0\pipeline\templates\LunaCompiler\Scripts\bin\Debug\Newtonsoft.Json.dll".

  Deleting file "E:\LunaDownload\3.4.0\pipeline\templates\LunaCompiler\Scripts\bin\Debug\Retyped.Core.dll".

  Deleting file "E:\LunaDownload\3.4.0\pipeline\templates\LunaCompiler\Scripts\bin\Debug\Retyped.dom.dll".

  Deleting file "E:\LunaDownload\3.4.0\pipeline\templates\LunaCompiler\Scripts\bin\Debug\Retyped.es5.dll".

  Deleting file "E:\LunaDownload\3.4.0\pipeline\templates\LunaCompiler\Scripts\bin\Debug\Retyped.scripthost.dll".

  Deleting file "E:\LunaDownload\3.4.0\pipeline\templates\LunaCompiler\Scripts\bin\Debug\TextMeshPro.dll".

  Deleting file "E:\LunaDownload\3.4.0\pipeline\templates\LunaCompiler\Scripts\bin\Debug\UnityEngine.dll".

  Deleting file "E:\LunaDownload\3.4.0\pipeline\templates\LunaCompiler\Scripts\bin\Debug\UnityEngine.UI.dll".

  Deleting file "E:\LunaDownload\3.4.0\pipeline\templates\LunaCompiler\Scripts\bin\Debug\UnityEngine.UniversalRenderPipeline.dll".

  Deleting file "E:\LunaDownload\3.4.0\pipeline\templates\LunaCompiler\Scripts\bin\Debug\Bridge.xml".

  Deleting file "E:\LunaDownload\3.4.0\pipeline\templates\LunaCompiler\Scripts\bin\Debug\Bridge.Html5.xml".

  Deleting file "E:\LunaDownload\3.4.0\pipeline\templates\LunaCompiler\Scripts\bin\Debug\Bridge.WebGL.xml".

  Deleting file "E:\LunaDownload\3.4.0\pipeline\templates\LunaCompiler\Scripts\bin\Debug\Newtonsoft.Json.xml".

  Deleting file "E:\LunaDownload\3.4.0\pipeline\templates\LunaCompiler\Scripts\bin\Debug\Retyped.Core.xml".

  Deleting file "E:\LunaDownload\3.4.0\pipeline\templates\LunaCompiler\Scripts\bin\Debug\Retyped.dom.xml".

  Deleting file "E:\LunaDownload\3.4.0\pipeline\templates\LunaCompiler\Scripts\bin\Debug\Retyped.es5.xml".

  Deleting file "E:\LunaDownload\3.4.0\pipeline\templates\LunaCompiler\Scripts\bin\Debug\Retyped.scripthost.xml".

  Deleting file "E:\LunaDownload\3.4.0\pipeline\templates\LunaCompiler\Scripts\obj\Debug\Scripts.csproj.AssemblyReference.cache".

  Deleting file "E:\LunaDownload\3.4.0\pipeline\templates\LunaCompiler\Scripts\obj\Debug\Scripts.csproj.CoreCompileInputs.cache".

  Deleting file "E:\LunaDownload\3.4.0\pipeline\templates\LunaCompiler\Scripts\obj\Debug\Scripts.csproj.CopyComplete".

  Deleting file "E:\LunaDownload\3.4.0\pipeline\templates\LunaCompiler\Scripts\obj\Debug\UnityScriptsCompiler.dll".

  Deleting file "E:\LunaDownload\3.4.0\pipeline\templates\LunaCompiler\Scripts\obj\Debug\UnityScriptsCompiler.pdb".

GenerateTargetFrameworkMonikerAttribute:
Skipping target "GenerateTargetFrameworkMonikerAttribute" because all output files are up-to-date with respect to the input files.

CoreCompile:

  C:\Program Files (x86)\Microsoft Visual Studio\2019\Community\MSBuild\Current\Bin\Roslyn\csc.exe /noconfig /nowarn:CS0626,1701,1702 /fullpaths /nostdlib+ /errorreport:prompt /warn:4 /define:UNITY_LUNA;CSHARP_7_OR_LATER;CSHARP_7_3_OR_NEWER;UNITY_5_3_OR_NEWER;UNITY_5_4_OR_NEWER;UNITY_5_5_OR_NEWER;UNITY_2020;UNITY_2017_1_OR_NEWER;UNITY_2017_2_OR_NEWER;UNITY_2017_3_OR_NEWER;UNITY_2017_4_OR_NEWER;UNITY_2018_1_OR_NEWER;UNITY_2018_2_OR_NEWER;UNITY_2018_3_OR_NEWER;UNITY_2018_4_OR_NEWER;UNITY_2019_1_OR_NEWER;UNITY_2019_2_OR_NEWER;UNITY_2019_3_OR_NEWER;UNITY_2019_4_OR_NEWER;UNITY_2020_1_OR_NEWER;UNITY_2020_2_OR_NEWER;UNITY_2020_3_OR_NEWER;UNITY_2020_3;UNITY_2020_3_19 /highentropyva+ /reference:E:\LunaDownload\3.4.0\pipeline\templates\LunaCompiler\packages\Bridge.Core.17.9.13-luna\lib\net40\Bridge.dll /reference:E:\LunaDownload\3.4.0\pipeline\templates\LunaCompiler\packages\Bridge.Html5.17.9.0\lib\net40\Bridge.Html5.dll /reference:E:\LunaDownload\3.4.0\pipeline\templates\LunaCompiler\packages\Bridge.WebGL.1.22.0\lib\net40\Bridge.WebGL.dll /reference:E:\LunaDownload\3.4.0\pipeline\templates\LunaCompiler\packages\DOTween.1.2.235\lib\net40\DOTween.dll /reference:E:\LunaDownload\3.4.0\pipeline\templates\LunaCompiler\packages\Bridge.Newtonsoft.Json.1.16.0\lib\net40\Newtonsoft.Json.dll /reference:E:\LunaDownload\3.4.0\pipeline\templates\LunaCompiler\packages\Retyped.Core.1.6.6733\lib\net40\Retyped.Core.dll /reference:E:\LunaDownload\3.4.0\pipeline\templates\LunaCompiler\packages\Retyped.dom.2.8.6733\lib\net40\Retyped.dom.dll /reference:E:\LunaDownload\3.4.0\pipeline\templates\LunaCompiler\packages\Retyped.es5.2.8.6733\lib\net40\Retyped.es5.dll /reference:E:\LunaDownload\3.4.0\pipeline\templates\LunaCompiler\packages\Retyped.scripthost.2.8.6733\lib\net40\Retyped.scripthost.dll /reference:E:\LunaDownload\3.4.0\pipeline\templates\LunaCompiler\packages\com.unity.textmeshpro\3.0.0\TextMeshPro.dll /reference:E:\LunaDownload\3.4.0\pipeline\templates\LunaCompiler\Scripts\Vendor\UnityEngine.dll /reference:E:\LunaDownload\3.4.0\pipeline\templates\LunaCompiler\packages\com.unity.ui\1.2.1\UnityEngine.UI.dll /reference:E:\LunaDownload\3.4.0\pipeline\templates\LunaCompiler\packages\com.unity.urp\7.6\UnityEngine.UniversalRenderPipeline.dll /debug+ /debug:full /optimize- /out:obj\Debug\UnityScriptsCompiler.dll /subsystemversion:6.00 /target:library /utf8output /langversion:7.2 Z:\LunaPLY\GiantWanted\Assets\01_GiantWanted\Scripts\Controller\BaseEnemy.cs Z:\LunaPLY\GiantWanted\Assets\01_GiantWanted\Scripts\Controller\BaseGun.cs Z:\LunaPLY\GiantWanted\Assets\01_GiantWanted\Scripts\Controller\BuildingController.cs Z:\LunaPLY\GiantWanted\Assets\01_GiantWanted\Scripts\Controller\BulletController.cs Z:\LunaPLY\GiantWanted\Assets\01_GiantWanted\Scripts\Controller\BulletRotation.cs Z:\LunaPLY\GiantWanted\Assets\01_GiantWanted\Scripts\Controller\CameraController.cs Z:\LunaPLY\GiantWanted\Assets\01_GiantWanted\Scripts\Controller\ControllerOnPointer.cs Z:\LunaPLY\GiantWanted\Assets\01_GiantWanted\Scripts\Controller\CutOutMaskUI.cs Z:\LunaPLY\GiantWanted\Assets\01_GiantWanted\Scripts\Controller\PlayerController.cs Z:\LunaPLY\GiantWanted\Assets\01_GiantWanted\Scripts\Controller\ScopeController.cs Z:\LunaPLY\GiantWanted\Assets\01_GiantWanted\Scripts\Controller\SoundController.cs Z:\LunaPLY\GiantWanted\Assets\01_GiantWanted\Scripts\Manager\GameManager1.cs Z:\LunaPLY\GiantWanted\Assets\01_GiantWanted\Scripts\Utility\AutoDestroy.cs Z:\LunaPLY\GiantWanted\Assets\01_GiantWanted\Scripts\Utility\AutoDestructor.cs Z:\LunaPLY\GiantWanted\Assets\01_GiantWanted\Scripts\Utility\DefineHelper.cs Z:\LunaPLY\GiantWanted\Assets\01_GiantWanted\Scripts\Utility\EventDispatcher\EventDispatcher.cs Z:\LunaPLY\GiantWanted\Assets\01_GiantWanted\Scripts\Utility\GlobalInstance.cs Z:\LunaPLY\GiantWanted\Assets\01_GiantWanted\Scripts\Utility\HelperUtility.cs Z:\LunaPLY\GiantWanted\Assets\01_GiantWanted\Scripts\Utility\RotateObject.cs Z:\LunaPLY\GiantWanted\Assets\01_GiantWanted\Scripts\Utility\SimplePool.cs Z:\LunaPLY\GiantWanted\Assets\01_GiantWanted\Scripts\Utility\Singleton.cs Z:\LunaPLY\GiantWanted\Assets\01_GiantWanted\Scripts\Utility\VectorUlti.cs Z:\LunaPLY\GiantWanted\Assets\BOXOPHOBIC\Utils\Scripts\SettingsUtils\SettingsData.cs Z:\LunaPLY\GiantWanted\Assets\BOXOPHOBIC\Utils\Scripts\StyledGizmos\StyledLabelGizmo.cs Z:\LunaPLY\GiantWanted\Assets\BOXOPHOBIC\Utils\Scripts\StyledInspector\StyledBanner.cs Z:\LunaPLY\GiantWanted\Assets\BOXOPHOBIC\Utils\Scripts\StyledInspector\StyledButton.cs Z:\LunaPLY\GiantWanted\Assets\BOXOPHOBIC\Utils\Scripts\StyledInspector\StyledCategory.cs Z:\LunaPLY\GiantWanted\Assets\BOXOPHOBIC\Utils\Scripts\StyledInspector\StyledEnum.cs Z:\LunaPLY\GiantWanted\Assets\BOXOPHOBIC\Utils\Scripts\StyledInspector\StyledIndent.cs Z:\LunaPLY\GiantWanted\Assets\BOXOPHOBIC\Utils\Scripts\StyledInspector\StyledInteractive.cs Z:\LunaPLY\GiantWanted\Assets\BOXOPHOBIC\Utils\Scripts\StyledInspector\StyledLayers.cs Z:\LunaPLY\GiantWanted\Assets\BOXOPHOBIC\Utils\Scripts\StyledInspector\StyledMask.cs Z:\LunaPLY\GiantWanted\Assets\BOXOPHOBIC\Utils\Scripts\StyledInspector\StyledMessage.cs Z:\LunaPLY\GiantWanted\Assets\BOXOPHOBIC\Utils\Scripts\StyledInspector\StyledRangeOptions.cs Z:\LunaPLY\GiantWanted\Assets\BOXOPHOBIC\Utils\Scripts\StyledInspector\StyledSpace.cs Z:\LunaPLY\GiantWanted\Assets\BOXOPHOBIC\Utils\Scripts\StyledInspector\StyledText.cs Z:\LunaPLY\GiantWanted\Assets\BOXOPHOBIC\Utils\Scripts\StyledInspector\StyledTexturePreview.cs Z:\LunaPLY\GiantWanted\Assets\BOXOPHOBIC\Utils\Scripts\StyledMono\StyledMonoBehaviour.cs Z:\LunaPLY\GiantWanted\Assets\BOXOPHOBIC\Utils\Scripts\StyledMono\StyledScriptableObject.cs Z:\LunaPLY\GiantWanted\Assets\Plugins\Demigiant\DOTween\Modules\DOTweenModuleAudio.cs Z:\LunaPLY\GiantWanted\Assets\Plugins\Demigiant\DOTween\Modules\DOTweenModuleEPOOutline.cs Z:\LunaPLY\GiantWanted\Assets\Plugins\Demigiant\DOTween\Modules\DOTweenModulePhysics.cs Z:\LunaPLY\GiantWanted\Assets\Plugins\Demigiant\DOTween\Modules\DOTweenModulePhysics2D.cs Z:\LunaPLY\GiantWanted\Assets\Plugins\Demigiant\DOTween\Modules\DOTweenModuleSprite.cs Z:\LunaPLY\GiantWanted\Assets\Plugins\Demigiant\DOTween\Modules\DOTweenModuleUI.cs Z:\LunaPLY\GiantWanted\Assets\Plugins\Demigiant\DOTween\Modules\DOTweenModuleUnityVersion.cs Z:\LunaPLY\GiantWanted\Assets\Plugins\Demigiant\DOTween\Modules\DOTweenModuleUtils.cs Properties/AssemblyInfo.cs Sources/OtherDummyScript.cs "obj\Debug\.NETFramework,Version=v4.7.AssemblyAttributes.cs"

Z:\LunaPLY\GiantWanted\Assets\01_GiantWanted\Scripts\Controller\ControllerOnPointer.cs(15,28): warning CS0649: Field 'ControllerOnPointer.leftCamBound' is never assigned to, and will always have its default value 0 [E:\LunaDownload\3.4.0\pipeline\templates\LunaCompiler\Scripts\Scripts.csproj]

Z:\LunaPLY\GiantWanted\Assets\01_GiantWanted\Scripts\Controller\PlayerController.cs(9,36): warning CS0169: The field 'PlayerController.scopeOverlay' is never used [E:\LunaDownload\3.4.0\pipeline\templates\LunaCompiler\Scripts\Scripts.csproj]
Z:\LunaPLY\GiantWanted\Assets\01_GiantWanted\Scripts\Controller\ControllerOnPointer.cs(11,36): warning CS0649: Field 'ControllerOnPointer.FOVscoped' is never assigned to, and will always have its default value 0 [E:\LunaDownload\3.4.0\pipeline\templates\LunaCompiler\Scripts\Scripts.csproj]

Z:\LunaPLY\GiantWanted\Assets\01_GiantWanted\Scripts\Controller\ControllerOnPointer.cs(17,28): warning CS0649: Field 'ControllerOnPointer.rightCamBound' is never assigned to, and will always have its default value 0 [E:\LunaDownload\3.4.0\pipeline\templates\LunaCompiler\Scripts\Scripts.csproj]

Z:\LunaPLY\GiantWanted\Assets\01_GiantWanted\Scripts\Controller\ControllerOnPointer.cs(10,38): warning CS0649: Field 'ControllerOnPointer.gunMovingPos' is never assigned to, and will always have its default value [E:\LunaDownload\3.4.0\pipeline\templates\LunaCompiler\Scripts\Scripts.csproj]

Z:\LunaPLY\GiantWanted\Assets\01_GiantWanted\Scripts\Controller\PlayerController.cs(10,38): warning CS0649: Field 'PlayerController.gunMovingPos' is never assigned to, and will always have its default value [E:\LunaDownload\3.4.0\pipeline\templates\LunaCompiler\Scripts\Scripts.csproj]

Z:\LunaPLY\GiantWanted\Assets\01_GiantWanted\Scripts\Controller\ControllerOnPointer.cs(13,36): warning CS0649: Field 'ControllerOnPointer.smoothTime' is never assigned to, and will always have its default value 0 [E:\LunaDownload\3.4.0\pipeline\templates\LunaCompiler\Scripts\Scripts.csproj]
Z:\LunaPLY\GiantWanted\Assets\01_GiantWanted\Scripts\Controller\ControllerOnPointer.cs(16,28): warning CS0649: Field 'ControllerOnPointer.upCamBound' is never assigned to, and will always have its default value 0 [E:\LunaDownload\3.4.0\pipeline\templates\LunaCompiler\Scripts\Scripts.csproj]

Z:\LunaPLY\GiantWanted\Assets\01_GiantWanted\Scripts\Utility\AutoDestructor.cs(14,42): warning CS0649: Field 'AutoDestructor.typeDestroy' is never assigned to, and will always have its default value [E:\LunaDownload\3.4.0\pipeline\templates\LunaCompiler\Scripts\Scripts.csproj]

Z:\LunaPLY\GiantWanted\Assets\01_GiantWanted\Scripts\Utility\RotateObject.cs(8,36): warning CS0649: Field 'RotateObject.angle' is never assigned to, and will always have its default value 0 [E:\LunaDownload\3.4.0\pipeline\templates\LunaCompiler\Scripts\Scripts.csproj]

Z:\LunaPLY\GiantWanted\Assets\01_GiantWanted\Scripts\Controller\BaseEnemy.cs(12,36): warning CS0649: Field 'BaseEnemy.hpImg' is never assigned to, and will always have its default value null [E:\LunaDownload\3.4.0\pipeline\templates\LunaCompiler\Scripts\Scripts.csproj]

Z:\LunaPLY\GiantWanted\Assets\01_GiantWanted\Scripts\Utility\RotateObject.cs(7,36): warning CS0649: Field 'RotateObject.duration' is never assigned to, and will always have its default value 0 [E:\LunaDownload\3.4.0\pipeline\templates\LunaCompiler\Scripts\Scripts.csproj]

Z:\LunaPLY\GiantWanted\Assets\01_GiantWanted\Scripts\Controller\BaseEnemy.cs(13,41): warning CS0649: Field 'BaseEnemy.hpBar' is never assigned to, and will always have its default value null [E:\LunaDownload\3.4.0\pipeline\templates\LunaCompiler\Scripts\Scripts.csproj]
Z:\LunaPLY\GiantWanted\Assets\01_GiantWanted\Scripts\Controller\ControllerOnPointer.cs(18,28): warning CS0649: Field 'ControllerOnPointer.downCamBound' is never assigned to, and will always have its default value 0 [E:\LunaDownload\3.4.0\pipeline\templates\LunaCompiler\Scripts\Scripts.csproj]

Z:\LunaPLY\GiantWanted\Assets\01_GiantWanted\Scripts\Controller\ControllerOnPointer.cs(12,36): warning CS0649: Field 'ControllerOnPointer.FOVcache' is never assigned to, and will always have its default value 0 [E:\LunaDownload\3.4.0\pipeline\templates\LunaCompiler\Scripts\Scripts.csproj]

  CompilerServer: server - server processed compilation - 10f2a86f-34e6-4f04-98cf-f961d2a6f806

_CopyFilesMarkedCopyLocal:

  Copying file from "E:\LunaDownload\3.4.0\pipeline\templates\LunaCompiler\packages\Bridge.Newtonsoft.Json.1.16.0\lib\net40\Newtonsoft.Json.dll" to "E:\LunaDownload\3.4.0\pipeline\templates\LunaCompiler\Scripts\bin\Debug\Newtonsoft.Json.dll".

  Copying file from "E:\LunaDownload\3.4.0\pipeline\templates\LunaCompiler\packages\Bridge.Core.17.9.13-luna\lib\net40\Bridge.dll" to "E:\LunaDownload\3.4.0\pipeline\templates\LunaCompiler\Scripts\bin\Debug\Bridge.dll".

  Copying file from "E:\LunaDownload\3.4.0\pipeline\templates\LunaCompiler\packages\DOTween.1.2.235\lib\net40\DOTween.dll" to "E:\LunaDownload\3.4.0\pipeline\templates\LunaCompiler\Scripts\bin\Debug\DOTween.dll".

  Copying file from "E:\LunaDownload\3.4.0\pipeline\templates\LunaCompiler\packages\Retyped.Core.1.6.6733\lib\net40\Retyped.Core.dll" to "E:\LunaDownload\3.4.0\pipeline\templates\LunaCompiler\Scripts\bin\Debug\Retyped.Core.dll".

  Copying file from "E:\LunaDownload\3.4.0\pipeline\templates\LunaCompiler\packages\Bridge.Html5.17.9.0\lib\net40\Bridge.Html5.dll" to "E:\LunaDownload\3.4.0\pipeline\templates\LunaCompiler\Scripts\bin\Debug\Bridge.Html5.dll".

  Copying file from "E:\LunaDownload\3.4.0\pipeline\templates\LunaCompiler\packages\Bridge.WebGL.1.22.0\lib\net40\Bridge.WebGL.dll" to "E:\LunaDownload\3.4.0\pipeline\templates\LunaCompiler\Scripts\bin\Debug\Bridge.WebGL.dll".

  Copying file from "E:\LunaDownload\3.4.0\pipeline\templates\LunaCompiler\packages\Retyped.dom.2.8.6733\lib\net40\Retyped.dom.dll" to "E:\LunaDownload\3.4.0\pipeline\templates\LunaCompiler\Scripts\bin\Debug\Retyped.dom.dll".

  Copying file from "E:\LunaDownload\3.4.0\pipeline\templates\LunaCompiler\packages\Retyped.es5.2.8.6733\lib\net40\Retyped.es5.dll" to "E:\LunaDownload\3.4.0\pipeline\templates\LunaCompiler\Scripts\bin\Debug\Retyped.es5.dll".

  Copying file from "E:\LunaDownload\3.4.0\pipeline\templates\LunaCompiler\packages\Retyped.scripthost.2.8.6733\lib\net40\Retyped.scripthost.dll" to "E:\LunaDownload\3.4.0\pipeline\templates\LunaCompiler\Scripts\bin\Debug\Retyped.scripthost.dll".

  Copying file from "E:\LunaDownload\3.4.0\pipeline\templates\LunaCompiler\packages\com.unity.textmeshpro\3.0.0\TextMeshPro.dll" to "E:\LunaDownload\3.4.0\pipeline\templates\LunaCompiler\Scripts\bin\Debug\TextMeshPro.dll".

  Copying file from "E:\LunaDownload\3.4.0\pipeline\templates\LunaCompiler\Scripts\Vendor\UnityEngine.dll" to "E:\LunaDownload\3.4.0\pipeline\templates\LunaCompiler\Scripts\bin\Debug\UnityEngine.dll".

  Copying file from "E:\LunaDownload\3.4.0\pipeline\templates\LunaCompiler\packages\com.unity.ui\1.2.1\UnityEngine.UI.dll" to "E:\LunaDownload\3.4.0\pipeline\templates\LunaCompiler\Scripts\bin\Debug\UnityEngine.UI.dll".

  Copying file from "E:\LunaDownload\3.4.0\pipeline\templates\LunaCompiler\packages\com.unity.urp\7.6\UnityEngine.UniversalRenderPipeline.dll" to "E:\LunaDownload\3.4.0\pipeline\templates\LunaCompiler\Scripts\bin\Debug\UnityEngine.UniversalRenderPipeline.dll".

  Copying file from "E:\LunaDownload\3.4.0\pipeline\templates\LunaCompiler\packages\Bridge.Core.17.9.13-luna\lib\net40\Bridge.xml" to "E:\LunaDownload\3.4.0\pipeline\templates\LunaCompiler\Scripts\bin\Debug\Bridge.xml".

  Copying file from "E:\LunaDownload\3.4.0\pipeline\templates\LunaCompiler\packages\Bridge.Html5.17.9.0\lib\net40\Bridge.Html5.xml" to "E:\LunaDownload\3.4.0\pipeline\templates\LunaCompiler\Scripts\bin\Debug\Bridge.Html5.xml".

  Copying file from "E:\LunaDownload\3.4.0\pipeline\templates\LunaCompiler\packages\Bridge.WebGL.1.22.0\lib\net40\Bridge.WebGL.xml" to "E:\LunaDownload\3.4.0\pipeline\templates\LunaCompiler\Scripts\bin\Debug\Bridge.WebGL.xml".

  Copying file from "E:\LunaDownload\3.4.0\pipeline\templates\LunaCompiler\packages\Bridge.Newtonsoft.Json.1.16.0\lib\net40\Newtonsoft.Json.xml" to "E:\LunaDownload\3.4.0\pipeline\templates\LunaCompiler\Scripts\bin\Debug\Newtonsoft.Json.xml".

  Copying file from "E:\LunaDownload\3.4.0\pipeline\templates\LunaCompiler\packages\Retyped.Core.1.6.6733\lib\net40\Retyped.Core.xml" to "E:\LunaDownload\3.4.0\pipeline\templates\LunaCompiler\Scripts\bin\Debug\Retyped.Core.xml".

  Copying file from "E:\LunaDownload\3.4.0\pipeline\templates\LunaCompiler\packages\Retyped.dom.2.8.6733\lib\net40\Retyped.dom.xml" to "E:\LunaDownload\3.4.0\pipeline\templates\LunaCompiler\Scripts\bin\Debug\Retyped.dom.xml".

  Copying file from "E:\LunaDownload\3.4.0\pipeline\templates\LunaCompiler\packages\Retyped.es5.2.8.6733\lib\net40\Retyped.es5.xml" to "E:\LunaDownload\3.4.0\pipeline\templates\LunaCompiler\Scripts\bin\Debug\Retyped.es5.xml".

  Copying file from "E:\LunaDownload\3.4.0\pipeline\templates\LunaCompiler\packages\Retyped.scripthost.2.8.6733\lib\net40\Retyped.scripthost.xml" to "E:\LunaDownload\3.4.0\pipeline\templates\LunaCompiler\Scripts\bin\Debug\Retyped.scripthost.xml".

  Creating "E:\LunaDownload\3.4.0\pipeline\templates\LunaCompiler\Scripts\obj\Debug\Scripts.csproj.CopyComplete" because "AlwaysCreate" was specified.

CopyFilesToOutputDirectory:
  Copying file from "E:\LunaDownload\3.4.0\pipeline\templates\LunaCompiler\Scripts\obj\Debug\UnityScriptsCompiler.dll" to "E:\LunaDownload\3.4.0\pipeline\templates\LunaCompiler\Scripts\bin\Debug\UnityScriptsCompiler.dll".

  Scripts -> E:\LunaDownload\3.4.0\pipeline\templates\LunaCompiler\Scripts\bin\Debug\UnityScriptsCompiler.dll

  Copying file from "E:\LunaDownload\3.4.0\pipeline\templates\LunaCompiler\Scripts\obj\Debug\UnityScriptsCompiler.pdb" to "E:\LunaDownload\3.4.0\pipeline\templates\LunaCompiler\Scripts\bin\Debug\UnityScriptsCompiler.pdb".

BridgeNetCompilerTask:
  Bridge started

      To enable detailed logging, configure "logging" in bridge.json.

      https://github.com/bridgedotnet/Bridge/wiki/global-configuration#logging

  Bridge done

Done Building Project "E:\LunaDownload\3.4.0\pipeline\templates\LunaCompiler\Scripts\Scripts.csproj" (Rebuild target(s)).



Build succeeded.



"E:\LunaDownload\3.4.0\pipeline\templates\LunaCompiler\Scripts\Scripts.csproj" (Rebuild target) (1) ->
(CoreCompile target) -> 

  Z:\LunaPLY\GiantWanted\Assets\01_GiantWanted\Scripts\Controller\ControllerOnPointer.cs(15,28): warning CS0649: Field 'ControllerOnPointer.leftCamBound' is never assigned to, and will always have its default value 0 [E:\LunaDownload\3.4.0\pipeline\templates\LunaCompiler\Scripts\Scripts.csproj]
  Z:\LunaPLY\GiantWanted\Assets\01_GiantWanted\Scripts\Controller\PlayerController.cs(9,36): warning CS0169: The field 'PlayerController.scopeOverlay' is never used [E:\LunaDownload\3.4.0\pipeline\templates\LunaCompiler\Scripts\Scripts.csproj]
  Z:\LunaPLY\GiantWanted\Assets\01_GiantWanted\Scripts\Controller\ControllerOnPointer.cs(11,36): warning CS0649: Field 'ControllerOnPointer.FOVscoped' is never assigned to, and will always have its default value 0 [E:\LunaDownload\3.4.0\pipeline\templates\LunaCompiler\Scripts\Scripts.csproj]
  Z:\LunaPLY\GiantWanted\Assets\01_GiantWanted\Scripts\Controller\ControllerOnPointer.cs(17,28): warning CS0649: Field 'ControllerOnPointer.rightCamBound' is never assigned to, and will always have its default value 0 [E:\LunaDownload\3.4.0\pipeline\templates\LunaCompiler\Scripts\Scripts.csproj]
  Z:\LunaPLY\GiantWanted\Assets\01_GiantWanted\Scripts\Controller\ControllerOnPointer.cs(10,38): warning CS0649: Field 'ControllerOnPointer.gunMovingPos' is never assigned to, and will always have its default value [E:\LunaDownload\3.4.0\pipeline\templates\LunaCompiler\Scripts\Scripts.csproj]
  Z:\LunaPLY\GiantWanted\Assets\01_GiantWanted\Scripts\Controller\PlayerController.cs(10,38): warning CS0649: Field 'PlayerController.gunMovingPos' is never assigned to, and will always have its default value [E:\LunaDownload\3.4.0\pipeline\templates\LunaCompiler\Scripts\Scripts.csproj]
  Z:\LunaPLY\GiantWanted\Assets\01_GiantWanted\Scripts\Controller\ControllerOnPointer.cs(13,36): warning CS0649: Field 'ControllerOnPointer.smoothTime' is never assigned to, and will always have its default value 0 [E:\LunaDownload\3.4.0\pipeline\templates\LunaCompiler\Scripts\Scripts.csproj]
  Z:\LunaPLY\GiantWanted\Assets\01_GiantWanted\Scripts\Controller\ControllerOnPointer.cs(16,28): warning CS0649: Field 'ControllerOnPointer.upCamBound' is never assigned to, and will always have its default value 0 [E:\LunaDownload\3.4.0\pipeline\templates\LunaCompiler\Scripts\Scripts.csproj]
  Z:\LunaPLY\GiantWanted\Assets\01_GiantWanted\Scripts\Utility\AutoDestructor.cs(14,42): warning CS0649: Field 'AutoDestructor.typeDestroy' is never assigned to, and will always have its default value [E:\LunaDownload\3.4.0\pipeline\templates\LunaCompiler\Scripts\Scripts.csproj]
  Z:\LunaPLY\GiantWanted\Assets\01_GiantWanted\Scripts\Utility\RotateObject.cs(8,36): warning CS0649: Field 'RotateObject.angle' is never assigned to, and will always have its default value 0 [E:\LunaDownload\3.4.0\pipeline\templates\LunaCompiler\Scripts\Scripts.csproj]
  Z:\LunaPLY\GiantWanted\Assets\01_GiantWanted\Scripts\Controller\BaseEnemy.cs(12,36): warning CS0649: Field 'BaseEnemy.hpImg' is never assigned to, and will always have its default value null [E:\LunaDownload\3.4.0\pipeline\templates\LunaCompiler\Scripts\Scripts.csproj]
  Z:\LunaPLY\GiantWanted\Assets\01_GiantWanted\Scripts\Utility\RotateObject.cs(7,36): warning CS0649: Field 'RotateObject.duration' is never assigned to, and will always have its default value 0 [E:\LunaDownload\3.4.0\pipeline\templates\LunaCompiler\Scripts\Scripts.csproj]

  Z:\LunaPLY\GiantWanted\Assets\01_GiantWanted\Scripts\Controller\BaseEnemy.cs(13,41): warning CS0649: Field 'BaseEnemy.hpBar' is never assigned to, and will always have its default value null [E:\LunaDownload\3.4.0\pipeline\templates\LunaCompiler\Scripts\Scripts.csproj]
  Z:\LunaPLY\GiantWanted\Assets\01_GiantWanted\Scripts\Controller\ControllerOnPointer.cs(18,28): warning CS0649: Field 'ControllerOnPointer.downCamBound' is never assigned to, and will always have its default value 0 [E:\LunaDownload\3.4.0\pipeline\templates\LunaCompiler\Scripts\Scripts.csproj]
  Z:\LunaPLY\GiantWanted\Assets\01_GiantWanted\Scripts\Controller\ControllerOnPointer.cs(12,36): warning CS0649: Field 'ControllerOnPointer.FOVcache' is never assigned to, and will always have its default value 0 [E:\LunaDownload\3.4.0\pipeline\templates\LunaCompiler\Scripts\Scripts.csproj]


    15 Warning(s)

    0 Error(s)


Time Elapsed 00:00:07.59

Source code compiled successfully!
report@code:build 7843.57
report@diagnostics:verify 0.32
report@diagnostics:upload 2200.45
report@code:stage 6864.98
[ Stage3 ] Code compiled and bundled successfully.
report@package:stage 85226.22
[ Stage4 ] Target platform: playground
[ Stage4 ] Package bundled successfully
report@assets:stats 0.46
